{"/home/knoldus/Desktop/react/MongoDBAssignment/middleware/auth.js": {"path":"/home/knoldus/Desktop/react/MongoDBAssignment/middleware/auth.js","all":false,"statementMap":{"0":{"start":{"line":1,"column":0},"end":{"line":1,"column":36}},"1":{"start":{"line":2,"column":0},"end":{"line":2,"column":73}},"2":{"start":{"line":3,"column":0},"end":{"line":3,"column":0}},"3":{"start":{"line":4,"column":0},"end":{"line":4,"column":35}},"4":{"start":{"line":5,"column":0},"end":{"line":5,"column":7}},"5":{"start":{"line":6,"column":0},"end":{"line":6,"column":41}},"6":{"start":{"line":7,"column":0},"end":{"line":7,"column":3}},"7":{"start":{"line":8,"column":0},"end":{"line":8,"column":14}},"8":{"start":{"line":9,"column":0},"end":{"line":9,"column":36}},"9":{"start":{"line":10,"column":0},"end":{"line":10,"column":8}},"10":{"start":{"line":11,"column":0},"end":{"line":11,"column":38}},"11":{"start":{"line":12,"column":0},"end":{"line":12,"column":7}},"12":{"start":{"line":13,"column":0},"end":{"line":13,"column":5}},"13":{"start":{"line":14,"column":0},"end":{"line":14,"column":9}},"14":{"start":{"line":15,"column":0},"end":{"line":15,"column":63}},"15":{"start":{"line":16,"column":0},"end":{"line":16,"column":5}},"16":{"start":{"line":17,"column":0},"end":{"line":17,"column":11}},"17":{"start":{"line":18,"column":0},"end":{"line":18,"column":19}},"18":{"start":{"line":19,"column":0},"end":{"line":19,"column":65}},"19":{"start":{"line":20,"column":0},"end":{"line":20,"column":3}},"20":{"start":{"line":21,"column":0},"end":{"line":21,"column":2}},"21":{"start":{"line":22,"column":0},"end":{"line":22,"column":22}}},"s":{"0":1,"1":1,"2":1,"3":1,"4":2,"5":2,"6":2,"7":2,"8":2,"9":2,"10":2,"11":2,"12":2,"13":0,"14":0,"15":0,"16":2,"17":2,"18":0,"19":0,"20":2,"21":1},"branchMap":{"0":{"type":"branch","line":4,"loc":{"start":{"line":4,"column":14},"end":{"line":21,"column":2}},"locations":[{"start":{"line":4,"column":14},"end":{"line":21,"column":2}}]},"1":{"type":"branch","line":14,"loc":{"start":{"line":14,"column":-1},"end":{"line":16,"column":5}},"locations":[{"start":{"line":14,"column":-1},"end":{"line":16,"column":5}}]},"2":{"type":"branch","line":18,"loc":{"start":{"line":18,"column":4},"end":{"line":20,"column":3}},"locations":[{"start":{"line":18,"column":4},"end":{"line":20,"column":3}}]}},"b":{"0":[2],"1":[0],"2":[0]},"fnMap":{"0":{"name":"auth","decl":{"start":{"line":4,"column":14},"end":{"line":21,"column":2}},"loc":{"start":{"line":4,"column":14},"end":{"line":21,"column":2}},"line":4}},"f":{"0":2}}
,"/home/knoldus/Desktop/react/MongoDBAssignment/middleware/validate.js": {"path":"/home/knoldus/Desktop/react/MongoDBAssignment/middleware/validate.js","all":false,"statementMap":{"0":{"start":{"line":1,"column":0},"end":{"line":1,"column":61}},"1":{"start":{"line":2,"column":0},"end":{"line":2,"column":0}},"2":{"start":{"line":3,"column":0},"end":{"line":3,"column":54}},"3":{"start":{"line":4,"column":0},"end":{"line":4,"column":9}},"4":{"start":{"line":5,"column":0},"end":{"line":5,"column":49}},"5":{"start":{"line":6,"column":0},"end":{"line":6,"column":15}},"6":{"start":{"line":7,"column":0},"end":{"line":7,"column":8}},"7":{"start":{"line":8,"column":0},"end":{"line":8,"column":17}},"8":{"start":{"line":9,"column":0},"end":{"line":9,"column":74}},"9":{"start":{"line":10,"column":0},"end":{"line":10,"column":5}},"10":{"start":{"line":11,"column":0},"end":{"line":11,"column":1}},"11":{"start":{"line":12,"column":0},"end":{"line":12,"column":0}},"12":{"start":{"line":13,"column":0},"end":{"line":13,"column":35}}},"s":{"0":1,"1":1,"2":1,"3":1,"4":1,"5":1,"6":1,"7":1,"8":0,"9":0,"10":1,"11":1,"12":1},"branchMap":{"0":{"type":"branch","line":3,"loc":{"start":{"line":3,"column":27},"end":{"line":11,"column":1}},"locations":[{"start":{"line":3,"column":27},"end":{"line":11,"column":1}}]},"1":{"type":"branch","line":8,"loc":{"start":{"line":8,"column":6},"end":{"line":10,"column":5}},"locations":[{"start":{"line":8,"column":6},"end":{"line":10,"column":5}}]}},"b":{"0":[1],"1":[0]},"fnMap":{"0":{"name":"validateUserInput","decl":{"start":{"line":3,"column":27},"end":{"line":11,"column":1}},"loc":{"start":{"line":3,"column":27},"end":{"line":11,"column":1}},"line":3}},"f":{"0":1}}
,"/home/knoldus/Desktop/react/MongoDBAssignment/src/app.js": {"path":"/home/knoldus/Desktop/react/MongoDBAssignment/src/app.js","all":false,"statementMap":{"0":{"start":{"line":1,"column":0},"end":{"line":1,"column":35}},"1":{"start":{"line":2,"column":0},"end":{"line":2,"column":21}},"2":{"start":{"line":3,"column":0},"end":{"line":3,"column":41}},"3":{"start":{"line":4,"column":0},"end":{"line":4,"column":22}},"4":{"start":{"line":5,"column":0},"end":{"line":5,"column":24}},"5":{"start":{"line":6,"column":0},"end":{"line":6,"column":48}},"6":{"start":{"line":7,"column":0},"end":{"line":7,"column":0}},"7":{"start":{"line":8,"column":0},"end":{"line":8,"column":38}},"8":{"start":{"line":9,"column":0},"end":{"line":9,"column":0}},"9":{"start":{"line":10,"column":0},"end":{"line":10,"column":20}},"10":{"start":{"line":11,"column":0},"end":{"line":11,"column":0}},"11":{"start":{"line":12,"column":0},"end":{"line":12,"column":32}},"12":{"start":{"line":13,"column":0},"end":{"line":13,"column":107}},"13":{"start":{"line":14,"column":0},"end":{"line":14,"column":3}},"14":{"start":{"line":15,"column":0},"end":{"line":15,"column":0}},"15":{"start":{"line":16,"column":0},"end":{"line":16,"column":21}},"16":{"start":{"line":17,"column":0},"end":{"line":17,"column":0}},"17":{"start":{"line":18,"column":0},"end":{"line":18,"column":0}},"18":{"start":{"line":19,"column":0},"end":{"line":19,"column":0}},"19":{"start":{"line":20,"column":0},"end":{"line":20,"column":0}},"20":{"start":{"line":21,"column":0},"end":{"line":21,"column":0}},"21":{"start":{"line":22,"column":0},"end":{"line":22,"column":0}},"22":{"start":{"line":23,"column":0},"end":{"line":23,"column":38544}}},"s":{"0":1,"1":1,"2":1,"3":1,"4":1,"5":1,"6":1,"7":1,"8":1,"9":1,"10":1,"11":1,"12":1,"13":1,"14":1,"15":1,"16":1,"17":1,"18":1,"19":1,"20":1,"21":1,"22":1},"branchMap":{"0":{"type":"branch","line":12,"loc":{"start":{"line":12,"column":17},"end":{"line":14,"column":2}},"locations":[{"start":{"line":12,"column":17},"end":{"line":14,"column":2}}]},"1":{"type":"branch","line":23,"loc":{"start":{"line":23,"column":68},"end":{"line":23,"column":37907}},"locations":[{"start":{"line":23,"column":68},"end":{"line":23,"column":37907}}]},"2":{"type":"branch","line":23,"loc":{"start":{"line":23,"column":37896},"end":{"line":23,"column":37906}},"locations":[{"start":{"line":23,"column":37896},"end":{"line":23,"column":37906}}]},"3":{"type":"branch","line":23,"loc":{"start":{"line":23,"column":37934},"end":{"line":23,"column":38007}},"locations":[{"start":{"line":23,"column":37934},"end":{"line":23,"column":38007}}]},"4":{"type":"branch","line":23,"loc":{"start":{"line":23,"column":37987},"end":{"line":23,"column":37998}},"locations":[{"start":{"line":23,"column":37987},"end":{"line":23,"column":37998}}]}},"b":{"0":[1],"1":[1],"2":[1],"3":[1],"4":[1]},"fnMap":{"0":{"name":"oo_cm","decl":{"start":{"line":23,"column":68},"end":{"line":23,"column":37907}},"loc":{"start":{"line":23,"column":68},"end":{"line":23,"column":37907}},"line":23},"1":{"name":"oo_oo","decl":{"start":{"line":23,"column":37934},"end":{"line":23,"column":38007}},"loc":{"start":{"line":23,"column":37934},"end":{"line":23,"column":38007}},"line":23},"2":{"name":"oo_tr","decl":{"start":{"line":23,"column":38034},"end":{"line":23,"column":38109}},"loc":{"start":{"line":23,"column":38034},"end":{"line":23,"column":38109}},"line":23},"3":{"name":"oo_ts","decl":{"start":{"line":23,"column":38136},"end":{"line":23,"column":38191}},"loc":{"start":{"line":23,"column":38136},"end":{"line":23,"column":38191}},"line":23},"4":{"name":"oo_te","decl":{"start":{"line":23,"column":38218},"end":{"line":23,"column":38276}},"loc":{"start":{"line":23,"column":38218},"end":{"line":23,"column":38276}},"line":23}},"f":{"0":1,"1":1,"2":1,"3":1,"4":1}}
,"/home/knoldus/Desktop/react/MongoDBAssignment/src/controller/controller.js": {"path":"/home/knoldus/Desktop/react/MongoDBAssignment/src/controller/controller.js","all":false,"statementMap":{"0":{"start":{"line":1,"column":0},"end":{"line":1,"column":40}},"1":{"start":{"line":2,"column":0},"end":{"line":2,"column":33}},"2":{"start":{"line":3,"column":0},"end":{"line":3,"column":36}},"3":{"start":{"line":4,"column":0},"end":{"line":4,"column":72}},"4":{"start":{"line":5,"column":0},"end":{"line":5,"column":37}},"5":{"start":{"line":6,"column":0},"end":{"line":6,"column":0}},"6":{"start":{"line":7,"column":0},"end":{"line":7,"column":36}},"7":{"start":{"line":8,"column":0},"end":{"line":8,"column":7}},"8":{"start":{"line":9,"column":0},"end":{"line":9,"column":60}},"9":{"start":{"line":10,"column":0},"end":{"line":10,"column":55}},"10":{"start":{"line":11,"column":0},"end":{"line":11,"column":79}},"11":{"start":{"line":12,"column":0},"end":{"line":12,"column":7}},"12":{"start":{"line":13,"column":0},"end":{"line":13,"column":6}},"13":{"start":{"line":14,"column":0},"end":{"line":14,"column":49}},"14":{"start":{"line":15,"column":0},"end":{"line":15,"column":54}},"15":{"start":{"line":16,"column":0},"end":{"line":16,"column":22}},"16":{"start":{"line":17,"column":0},"end":{"line":17,"column":73}},"17":{"start":{"line":18,"column":0},"end":{"line":18,"column":7}},"18":{"start":{"line":19,"column":0},"end":{"line":19,"column":6}},"19":{"start":{"line":20,"column":0},"end":{"line":20,"column":61}},"20":{"start":{"line":21,"column":0},"end":{"line":21,"column":40}},"21":{"start":{"line":22,"column":0},"end":{"line":22,"column":48}},"22":{"start":{"line":23,"column":0},"end":{"line":23,"column":19}},"23":{"start":{"line":24,"column":0},"end":{"line":24,"column":16}},"24":{"start":{"line":25,"column":0},"end":{"line":25,"column":16}},"25":{"start":{"line":26,"column":0},"end":{"line":26,"column":34}},"26":{"start":{"line":27,"column":0},"end":{"line":27,"column":9}},"27":{"start":{"line":28,"column":0},"end":{"line":28,"column":81}},"28":{"start":{"line":29,"column":0},"end":{"line":29,"column":82}},"29":{"start":{"line":30,"column":0},"end":{"line":30,"column":75}},"30":{"start":{"line":31,"column":0},"end":{"line":31,"column":15}},"31":{"start":{"line":32,"column":0},"end":{"line":32,"column":77}},"32":{"start":{"line":33,"column":0},"end":{"line":33,"column":41}},"33":{"start":{"line":34,"column":0},"end":{"line":34,"column":3}},"34":{"start":{"line":35,"column":0},"end":{"line":35,"column":1}},"35":{"start":{"line":36,"column":0},"end":{"line":36,"column":0}},"36":{"start":{"line":37,"column":0},"end":{"line":37,"column":35}},"37":{"start":{"line":38,"column":0},"end":{"line":38,"column":7}},"38":{"start":{"line":39,"column":0},"end":{"line":39,"column":43}},"39":{"start":{"line":40,"column":0},"end":{"line":40,"column":32}},"40":{"start":{"line":41,"column":0},"end":{"line":41,"column":79}},"41":{"start":{"line":42,"column":0},"end":{"line":42,"column":7}},"42":{"start":{"line":43,"column":0},"end":{"line":43,"column":49}},"43":{"start":{"line":44,"column":0},"end":{"line":44,"column":18}},"44":{"start":{"line":45,"column":0},"end":{"line":45,"column":67}},"45":{"start":{"line":46,"column":0},"end":{"line":46,"column":7}},"46":{"start":{"line":47,"column":0},"end":{"line":47,"column":68}},"47":{"start":{"line":48,"column":0},"end":{"line":48,"column":21}},"48":{"start":{"line":49,"column":0},"end":{"line":49,"column":72}},"49":{"start":{"line":50,"column":0},"end":{"line":50,"column":7}},"50":{"start":{"line":51,"column":0},"end":{"line":51,"column":78}},"51":{"start":{"line":52,"column":0},"end":{"line":52,"column":78}},"52":{"start":{"line":53,"column":0},"end":{"line":53,"column":15}},"53":{"start":{"line":54,"column":0},"end":{"line":54,"column":77}},"54":{"start":{"line":55,"column":0},"end":{"line":55,"column":41}},"55":{"start":{"line":56,"column":0},"end":{"line":56,"column":3}},"56":{"start":{"line":57,"column":0},"end":{"line":57,"column":1}},"57":{"start":{"line":58,"column":0},"end":{"line":58,"column":0}},"58":{"start":{"line":59,"column":0},"end":{"line":59,"column":38}},"59":{"start":{"line":60,"column":0},"end":{"line":60,"column":7}},"60":{"start":{"line":61,"column":0},"end":{"line":61,"column":39}},"61":{"start":{"line":62,"column":0},"end":{"line":62,"column":35}},"62":{"start":{"line":63,"column":0},"end":{"line":63,"column":15}},"63":{"start":{"line":64,"column":0},"end":{"line":64,"column":28}},"64":{"start":{"line":65,"column":0},"end":{"line":65,"column":3}},"65":{"start":{"line":66,"column":0},"end":{"line":66,"column":2}},"66":{"start":{"line":67,"column":0},"end":{"line":67,"column":0}},"67":{"start":{"line":68,"column":0},"end":{"line":68,"column":41}},"68":{"start":{"line":69,"column":0},"end":{"line":69,"column":7}},"69":{"start":{"line":70,"column":0},"end":{"line":70,"column":30}},"70":{"start":{"line":71,"column":0},"end":{"line":71,"column":46}},"71":{"start":{"line":72,"column":0},"end":{"line":72,"column":35}},"72":{"start":{"line":73,"column":0},"end":{"line":73,"column":15}},"73":{"start":{"line":74,"column":0},"end":{"line":74,"column":28}},"74":{"start":{"line":75,"column":0},"end":{"line":75,"column":3}},"75":{"start":{"line":76,"column":0},"end":{"line":76,"column":2}},"76":{"start":{"line":77,"column":0},"end":{"line":77,"column":40}},"77":{"start":{"line":78,"column":0},"end":{"line":78,"column":7}},"78":{"start":{"line":79,"column":0},"end":{"line":79,"column":30}},"79":{"start":{"line":80,"column":0},"end":{"line":80,"column":66}},"80":{"start":{"line":81,"column":0},"end":{"line":81,"column":16}},"81":{"start":{"line":82,"column":0},"end":{"line":82,"column":7}},"82":{"start":{"line":83,"column":0},"end":{"line":83,"column":35}},"83":{"start":{"line":84,"column":0},"end":{"line":84,"column":15}},"84":{"start":{"line":85,"column":0},"end":{"line":85,"column":28}},"85":{"start":{"line":86,"column":0},"end":{"line":86,"column":3}},"86":{"start":{"line":87,"column":0},"end":{"line":87,"column":2}},"87":{"start":{"line":88,"column":0},"end":{"line":88,"column":0}},"88":{"start":{"line":89,"column":0},"end":{"line":89,"column":40}},"89":{"start":{"line":90,"column":0},"end":{"line":90,"column":7}},"90":{"start":{"line":91,"column":0},"end":{"line":91,"column":30}},"91":{"start":{"line":92,"column":0},"end":{"line":92,"column":55}},"92":{"start":{"line":93,"column":0},"end":{"line":93,"column":35}},"93":{"start":{"line":94,"column":0},"end":{"line":94,"column":15}},"94":{"start":{"line":95,"column":0},"end":{"line":95,"column":28}},"95":{"start":{"line":96,"column":0},"end":{"line":96,"column":3}},"96":{"start":{"line":97,"column":0},"end":{"line":97,"column":2}},"97":{"start":{"line":98,"column":0},"end":{"line":98,"column":0}},"98":{"start":{"line":99,"column":0},"end":{"line":99,"column":18}},"99":{"start":{"line":100,"column":0},"end":{"line":100,"column":2}},"100":{"start":{"line":101,"column":0},"end":{"line":101,"column":11}},"101":{"start":{"line":102,"column":0},"end":{"line":102,"column":14}},"102":{"start":{"line":103,"column":0},"end":{"line":103,"column":13}},"103":{"start":{"line":104,"column":0},"end":{"line":104,"column":13}},"104":{"start":{"line":105,"column":0},"end":{"line":105,"column":9}},"105":{"start":{"line":106,"column":0},"end":{"line":106,"column":8}},"106":{"start":{"line":107,"column":0},"end":{"line":107,"column":2}},"107":{"start":{"line":108,"column":0},"end":{"line":108,"column":0}},"108":{"start":{"line":109,"column":0},"end":{"line":109,"column":0}},"109":{"start":{"line":110,"column":0},"end":{"line":110,"column":0}},"110":{"start":{"line":111,"column":0},"end":{"line":111,"column":0}},"111":{"start":{"line":112,"column":0},"end":{"line":112,"column":0}},"112":{"start":{"line":113,"column":0},"end":{"line":113,"column":0}},"113":{"start":{"line":114,"column":0},"end":{"line":114,"column":38544}}},"s":{"0":1,"1":1,"2":1,"3":1,"4":1,"5":1,"6":1,"7":1,"8":1,"9":1,"10":0,"11":0,"12":1,"13":1,"14":1,"15":1,"16":0,"17":0,"18":1,"19":1,"20":1,"21":1,"22":1,"23":1,"24":1,"25":1,"26":1,"27":1,"28":1,"29":1,"30":1,"31":0,"32":0,"33":0,"34":1,"35":1,"36":1,"37":1,"38":1,"39":1,"40":0,"41":0,"42":1,"43":1,"44":0,"45":0,"46":1,"47":1,"48":0,"49":0,"50":1,"51":1,"52":1,"53":0,"54":0,"55":0,"56":1,"57":1,"58":1,"59":1,"60":1,"61":1,"62":1,"63":0,"64":0,"65":1,"66":1,"67":1,"68":0,"69":0,"70":0,"71":0,"72":0,"73":0,"74":0,"75":0,"76":1,"77":0,"78":0,"79":0,"80":0,"81":0,"82":0,"83":0,"84":0,"85":0,"86":0,"87":1,"88":1,"89":1,"90":1,"91":1,"92":1,"93":1,"94":0,"95":0,"96":1,"97":1,"98":1,"99":1,"100":1,"101":1,"102":1,"103":1,"104":1,"105":1,"106":1,"107":1,"108":1,"109":1,"110":1,"111":1,"112":1,"113":1},"branchMap":{"0":{"type":"branch","line":7,"loc":{"start":{"line":7,"column":15},"end":{"line":35,"column":1}},"locations":[{"start":{"line":7,"column":15},"end":{"line":35,"column":1}}]},"1":{"type":"branch","line":10,"loc":{"start":{"line":10,"column":54},"end":{"line":12,"column":7}},"locations":[{"start":{"line":10,"column":54},"end":{"line":12,"column":7}}]},"2":{"type":"branch","line":16,"loc":{"start":{"line":16,"column":21},"end":{"line":18,"column":7}},"locations":[{"start":{"line":16,"column":21},"end":{"line":18,"column":7}}]},"3":{"type":"branch","line":31,"loc":{"start":{"line":31,"column":4},"end":{"line":34,"column":3}},"locations":[{"start":{"line":31,"column":4},"end":{"line":34,"column":3}}]},"4":{"type":"branch","line":37,"loc":{"start":{"line":37,"column":14},"end":{"line":57,"column":1}},"locations":[{"start":{"line":37,"column":14},"end":{"line":57,"column":1}}]},"5":{"type":"branch","line":40,"loc":{"start":{"line":40,"column":31},"end":{"line":42,"column":7}},"locations":[{"start":{"line":40,"column":31},"end":{"line":42,"column":7}}]},"6":{"type":"branch","line":44,"loc":{"start":{"line":44,"column":17},"end":{"line":46,"column":7}},"locations":[{"start":{"line":44,"column":17},"end":{"line":46,"column":7}}]},"7":{"type":"branch","line":48,"loc":{"start":{"line":48,"column":20},"end":{"line":50,"column":7}},"locations":[{"start":{"line":48,"column":20},"end":{"line":50,"column":7}}]},"8":{"type":"branch","line":53,"loc":{"start":{"line":53,"column":4},"end":{"line":56,"column":3}},"locations":[{"start":{"line":53,"column":4},"end":{"line":56,"column":3}}]},"9":{"type":"branch","line":59,"loc":{"start":{"line":59,"column":17},"end":{"line":66,"column":2}},"locations":[{"start":{"line":59,"column":17},"end":{"line":66,"column":2}}]},"10":{"type":"branch","line":63,"loc":{"start":{"line":63,"column":4},"end":{"line":65,"column":3}},"locations":[{"start":{"line":63,"column":4},"end":{"line":65,"column":3}}]},"11":{"type":"branch","line":89,"loc":{"start":{"line":89,"column":19},"end":{"line":97,"column":2}},"locations":[{"start":{"line":89,"column":19},"end":{"line":97,"column":2}}]},"12":{"type":"branch","line":94,"loc":{"start":{"line":94,"column":4},"end":{"line":96,"column":3}},"locations":[{"start":{"line":94,"column":4},"end":{"line":96,"column":3}}]},"13":{"type":"branch","line":114,"loc":{"start":{"line":114,"column":68},"end":{"line":114,"column":37907}},"locations":[{"start":{"line":114,"column":68},"end":{"line":114,"column":37907}}]},"14":{"type":"branch","line":114,"loc":{"start":{"line":114,"column":133},"end":{"line":114,"column":37894}},"locations":[{"start":{"line":114,"column":133},"end":{"line":114,"column":37894}}]},"15":{"type":"branch","line":114,"loc":{"start":{"line":114,"column":37896},"end":{"line":114,"column":37906}},"locations":[{"start":{"line":114,"column":37896},"end":{"line":114,"column":37906}}]},"16":{"type":"branch","line":114,"loc":{"start":{"line":114,"column":37934},"end":{"line":114,"column":38007}},"locations":[{"start":{"line":114,"column":37934},"end":{"line":114,"column":38007}}]},"17":{"type":"branch","line":114,"loc":{"start":{"line":114,"column":37987},"end":{"line":114,"column":37998}},"locations":[{"start":{"line":114,"column":37987},"end":{"line":114,"column":37998}}]}},"b":{"0":[1],"1":[0],"2":[0],"3":[0],"4":[1],"5":[0],"6":[0],"7":[0],"8":[0],"9":[1],"10":[0],"11":[1],"12":[0],"13":[1],"14":[1],"15":[1],"16":[1],"17":[1]},"fnMap":{"0":{"name":"signup","decl":{"start":{"line":7,"column":15},"end":{"line":35,"column":1}},"loc":{"start":{"line":7,"column":15},"end":{"line":35,"column":1}},"line":7},"1":{"name":"login","decl":{"start":{"line":37,"column":14},"end":{"line":57,"column":1}},"loc":{"start":{"line":37,"column":14},"end":{"line":57,"column":1}},"line":37},"2":{"name":"getUsers","decl":{"start":{"line":59,"column":17},"end":{"line":66,"column":2}},"loc":{"start":{"line":59,"column":17},"end":{"line":66,"column":2}},"line":59},"3":{"name":"getUserById","decl":{"start":{"line":68,"column":20},"end":{"line":76,"column":2}},"loc":{"start":{"line":68,"column":20},"end":{"line":76,"column":2}},"line":68},"4":{"name":"updateUser","decl":{"start":{"line":77,"column":19},"end":{"line":87,"column":2}},"loc":{"start":{"line":77,"column":19},"end":{"line":87,"column":2}},"line":77},"5":{"name":"deleteUser","decl":{"start":{"line":89,"column":19},"end":{"line":97,"column":2}},"loc":{"start":{"line":89,"column":19},"end":{"line":97,"column":2}},"line":89},"6":{"name":"oo_cm","decl":{"start":{"line":114,"column":68},"end":{"line":114,"column":37907}},"loc":{"start":{"line":114,"column":68},"end":{"line":114,"column":37907}},"line":114},"7":{"name":"oo_oo","decl":{"start":{"line":114,"column":37934},"end":{"line":114,"column":38007}},"loc":{"start":{"line":114,"column":37934},"end":{"line":114,"column":38007}},"line":114},"8":{"name":"oo_tr","decl":{"start":{"line":114,"column":38034},"end":{"line":114,"column":38109}},"loc":{"start":{"line":114,"column":38034},"end":{"line":114,"column":38109}},"line":114},"9":{"name":"oo_ts","decl":{"start":{"line":114,"column":38136},"end":{"line":114,"column":38191}},"loc":{"start":{"line":114,"column":38136},"end":{"line":114,"column":38191}},"line":114},"10":{"name":"oo_te","decl":{"start":{"line":114,"column":38218},"end":{"line":114,"column":38276}},"loc":{"start":{"line":114,"column":38218},"end":{"line":114,"column":38276}},"line":114}},"f":{"0":1,"1":1,"2":1,"3":0,"4":0,"5":1,"6":1,"7":1,"8":1,"9":1,"10":1}}
,"/home/knoldus/Desktop/react/MongoDBAssignment/src/db/conn.js": {"path":"/home/knoldus/Desktop/react/MongoDBAssignment/src/db/conn.js","all":false,"statementMap":{"0":{"start":{"line":1,"column":0},"end":{"line":1,"column":37}},"1":{"start":{"line":2,"column":0},"end":{"line":2,"column":0}},"2":{"start":{"line":3,"column":0},"end":{"line":3,"column":63}},"3":{"start":{"line":4,"column":0},"end":{"line":4,"column":93}},"4":{"start":{"line":5,"column":0},"end":{"line":5,"column":17}},"5":{"start":{"line":6,"column":0},"end":{"line":6,"column":85}},"6":{"start":{"line":7,"column":0},"end":{"line":7,"column":2}},"7":{"start":{"line":8,"column":0},"end":{"line":8,"column":0}},"8":{"start":{"line":9,"column":0},"end":{"line":9,"column":0}},"9":{"start":{"line":10,"column":0},"end":{"line":10,"column":0}},"10":{"start":{"line":11,"column":0},"end":{"line":11,"column":0}},"11":{"start":{"line":12,"column":0},"end":{"line":12,"column":0}},"12":{"start":{"line":13,"column":0},"end":{"line":13,"column":0}},"13":{"start":{"line":14,"column":0},"end":{"line":14,"column":38544}}},"s":{"0":1,"1":1,"2":1,"3":1,"4":1,"5":0,"6":0,"7":1,"8":1,"9":1,"10":1,"11":1,"12":1,"13":1},"branchMap":{"0":{"type":"branch","line":3,"loc":{"start":{"line":3,"column":56},"end":{"line":5,"column":2}},"locations":[{"start":{"line":3,"column":56},"end":{"line":5,"column":2}}]},"1":{"type":"branch","line":14,"loc":{"start":{"line":14,"column":68},"end":{"line":14,"column":37907}},"locations":[{"start":{"line":14,"column":68},"end":{"line":14,"column":37907}}]},"2":{"type":"branch","line":14,"loc":{"start":{"line":14,"column":133},"end":{"line":14,"column":37894}},"locations":[{"start":{"line":14,"column":133},"end":{"line":14,"column":37894}}]},"3":{"type":"branch","line":14,"loc":{"start":{"line":14,"column":37896},"end":{"line":14,"column":37906}},"locations":[{"start":{"line":14,"column":37896},"end":{"line":14,"column":37906}}]},"4":{"type":"branch","line":14,"loc":{"start":{"line":14,"column":37934},"end":{"line":14,"column":38007}},"locations":[{"start":{"line":14,"column":37934},"end":{"line":14,"column":38007}}]},"5":{"type":"branch","line":14,"loc":{"start":{"line":14,"column":37987},"end":{"line":14,"column":37998}},"locations":[{"start":{"line":14,"column":37987},"end":{"line":14,"column":37998}}]}},"b":{"0":[1],"1":[1],"2":[1],"3":[1],"4":[1],"5":[1]},"fnMap":{"0":{"name":"oo_cm","decl":{"start":{"line":14,"column":68},"end":{"line":14,"column":37907}},"loc":{"start":{"line":14,"column":68},"end":{"line":14,"column":37907}},"line":14},"1":{"name":"oo_oo","decl":{"start":{"line":14,"column":37934},"end":{"line":14,"column":38007}},"loc":{"start":{"line":14,"column":37934},"end":{"line":14,"column":38007}},"line":14},"2":{"name":"oo_tr","decl":{"start":{"line":14,"column":38034},"end":{"line":14,"column":38109}},"loc":{"start":{"line":14,"column":38034},"end":{"line":14,"column":38109}},"line":14},"3":{"name":"oo_ts","decl":{"start":{"line":14,"column":38136},"end":{"line":14,"column":38191}},"loc":{"start":{"line":14,"column":38136},"end":{"line":14,"column":38191}},"line":14},"4":{"name":"oo_te","decl":{"start":{"line":14,"column":38218},"end":{"line":14,"column":38276}},"loc":{"start":{"line":14,"column":38218},"end":{"line":14,"column":38276}},"line":14}},"f":{"0":1,"1":1,"2":1,"3":1,"4":1}}
,"/home/knoldus/Desktop/react/MongoDBAssignment/src/models/users.js": {"path":"/home/knoldus/Desktop/react/MongoDBAssignment/src/models/users.js","all":false,"statementMap":{"0":{"start":{"line":1,"column":0},"end":{"line":1,"column":37}},"1":{"start":{"line":2,"column":0},"end":{"line":2,"column":0}},"2":{"start":{"line":3,"column":0},"end":{"line":3,"column":40}},"3":{"start":{"line":4,"column":0},"end":{"line":4,"column":13}},"4":{"start":{"line":5,"column":0},"end":{"line":5,"column":17}},"5":{"start":{"line":6,"column":0},"end":{"line":6,"column":19}},"6":{"start":{"line":7,"column":0},"end":{"line":7,"column":15}},"7":{"start":{"line":8,"column":0},"end":{"line":8,"column":4}},"8":{"start":{"line":9,"column":0},"end":{"line":9,"column":10}},"9":{"start":{"line":10,"column":0},"end":{"line":10,"column":17}},"10":{"start":{"line":11,"column":0},"end":{"line":11,"column":19}},"11":{"start":{"line":12,"column":0},"end":{"line":12,"column":15}},"12":{"start":{"line":13,"column":0},"end":{"line":13,"column":4}},"13":{"start":{"line":14,"column":0},"end":{"line":14,"column":10}},"14":{"start":{"line":15,"column":0},"end":{"line":15,"column":17}},"15":{"start":{"line":16,"column":0},"end":{"line":16,"column":19}},"16":{"start":{"line":17,"column":0},"end":{"line":17,"column":4}},"17":{"start":{"line":18,"column":0},"end":{"line":18,"column":13}},"18":{"start":{"line":19,"column":0},"end":{"line":19,"column":17}},"19":{"start":{"line":20,"column":0},"end":{"line":20,"column":19}},"20":{"start":{"line":21,"column":0},"end":{"line":21,"column":4}},"21":{"start":{"line":22,"column":0},"end":{"line":22,"column":3}},"22":{"start":{"line":23,"column":0},"end":{"line":23,"column":0}},"23":{"start":{"line":24,"column":0},"end":{"line":24,"column":57}},"24":{"start":{"line":25,"column":0},"end":{"line":25,"column":22}}},"s":{"0":1,"1":1,"2":1,"3":1,"4":1,"5":1,"6":1,"7":1,"8":1,"9":1,"10":1,"11":1,"12":1,"13":1,"14":1,"15":1,"16":1,"17":1,"18":1,"19":1,"20":1,"21":1,"22":1,"23":1,"24":1},"branchMap":{},"b":{},"fnMap":{},"f":{}}
,"/home/knoldus/Desktop/react/MongoDBAssignment/src/models/validateSchema.js": {"path":"/home/knoldus/Desktop/react/MongoDBAssignment/src/models/validateSchema.js","all":false,"statementMap":{"0":{"start":{"line":1,"column":0},"end":{"line":1,"column":27}},"1":{"start":{"line":2,"column":0},"end":{"line":2,"column":31}},"2":{"start":{"line":3,"column":0},"end":{"line":3,"column":38}},"3":{"start":{"line":4,"column":0},"end":{"line":4,"column":43}},"4":{"start":{"line":5,"column":0},"end":{"line":5,"column":35}},"5":{"start":{"line":6,"column":0},"end":{"line":6,"column":37}},"6":{"start":{"line":7,"column":0},"end":{"line":7,"column":3}},"7":{"start":{"line":8,"column":0},"end":{"line":8,"column":32}}},"s":{"0":1,"1":1,"2":1,"3":1,"4":1,"5":1,"6":1,"7":1},"branchMap":{},"b":{},"fnMap":{},"f":{}}
,"/home/knoldus/Desktop/react/MongoDBAssignment/src/routers/user.js": {"path":"/home/knoldus/Desktop/react/MongoDBAssignment/src/routers/user.js","all":false,"statementMap":{"0":{"start":{"line":1,"column":0},"end":{"line":1,"column":35}},"1":{"start":{"line":2,"column":0},"end":{"line":2,"column":36}},"2":{"start":{"line":3,"column":0},"end":{"line":3,"column":55}},"3":{"start":{"line":4,"column":0},"end":{"line":4,"column":46}},"4":{"start":{"line":5,"column":0},"end":{"line":5,"column":63}},"5":{"start":{"line":6,"column":0},"end":{"line":6,"column":0}},"6":{"start":{"line":7,"column":0},"end":{"line":7,"column":40}},"7":{"start":{"line":8,"column":0},"end":{"line":8,"column":60}},"8":{"start":{"line":9,"column":0},"end":{"line":9,"column":0}},"9":{"start":{"line":10,"column":0},"end":{"line":10,"column":0}},"10":{"start":{"line":11,"column":0},"end":{"line":11,"column":48}},"11":{"start":{"line":12,"column":0},"end":{"line":12,"column":0}},"12":{"start":{"line":13,"column":0},"end":{"line":13,"column":54}},"13":{"start":{"line":14,"column":0},"end":{"line":14,"column":0}},"14":{"start":{"line":15,"column":0},"end":{"line":15,"column":78}},"15":{"start":{"line":16,"column":0},"end":{"line":16,"column":0}},"16":{"start":{"line":17,"column":0},"end":{"line":17,"column":61}},"17":{"start":{"line":18,"column":0},"end":{"line":18,"column":0}},"18":{"start":{"line":19,"column":0},"end":{"line":19,"column":24}}},"s":{"0":1,"1":1,"2":1,"3":1,"4":1,"5":1,"6":1,"7":1,"8":1,"9":1,"10":1,"11":1,"12":1,"13":1,"14":1,"15":1,"16":1,"17":1,"18":1},"branchMap":{},"b":{},"fnMap":{},"f":{}}
}
